<?xml version="1.0" encoding="UTF-8"?>
<!-- Generated by org.testng.reporters.JUnitXMLReporter -->
<testsuite ignored="0" hostname="DESKTOP-UCR3AVU" failures="3" tests="7" name="Test" time="22.473" errors="0" timestamp="2023-04-19T14:54:10 IST">
  <testcase classname="online.onvent.qa.testcases.RegisterPageTest" name="VerifyregistrationStep1" time="0.554"/>
  <testcase classname="online.onvent.qa.testcases.RegisterPageTest" name="VerifyEmailVerificationCode" time="3.07"/>
  <testcase classname="online.onvent.qa.testcases.RegisterPageTest" name="VerifyregistrationStep2" time="8.716"/>
  <testcase classname="online.onvent.qa.testcases.LiveWallTest" name="TakeLiveWallScreenshot" time="10.097"/>
  <testcase classname="online.onvent.qa.testcases.LiveWallTest" name="ProvideMessageInLiveWall" time="0.002">
    <failure type="java.lang.IllegalArgumentException" message="Input must be set">
      <![CDATA[java.lang.IllegalArgumentException: Input must be set
at org.openqa.selenium.internal.Require.nonNull(Require.java:59)
at org.openqa.selenium.support.ui.FluentWait.<init>(FluentWait.java:97)
at org.openqa.selenium.support.ui.WebDriverWait.<init>(WebDriverWait.java:77)
at org.openqa.selenium.support.ui.WebDriverWait.<init>(WebDriverWait.java:46)
at online.onvent.qa.pageobjects.LiveWallPageObjects.<init>(LiveWallPageObjects.java:16)
at online.onvent.qa.testcases.LiveWallTest.ProvideMessageInLiveWall(LiveWallTest.java:35)
at java.base/java.util.ArrayList.forEach(ArrayList.java:1511)
... Removed 27 stack frames]]>
    </failure>
  </testcase> <!-- ProvideMessageInLiveWall -->
  <testcase classname="online.onvent.qa.testcases.LiveWallTest" name="VerifyMessageInLiveWall" time="0.001">
    <failure type="java.lang.NullPointerException" message="Cannot invoke &amp;quot;online.onvent.qa.pageobjects.LiveWallPageObjects.VerifyMessageOnWall(String)&amp;quot; because &amp;quot;this.LiveWallPage&amp;quot; is null">
      <![CDATA[java.lang.NullPointerException: Cannot invoke "online.onvent.qa.pageobjects.LiveWallPageObjects.VerifyMessageOnWall(String)" because "this.LiveWallPage" is null
at online.onvent.qa.testcases.LiveWallTest.VerifyMessageInLiveWall(LiveWallTest.java:46)
at java.base/java.util.ArrayList.forEach(ArrayList.java:1511)
... Removed 27 stack frames]]>
    </failure>
  </testcase> <!-- VerifyMessageInLiveWall -->
  <testcase classname="online.onvent.qa.testcases.LiveWallTest" name="LogOutFromApplicatio" time="0.0">
    <failure type="java.lang.NullPointerException" message="Cannot invoke &amp;quot;online.onvent.qa.pageobjects.LiveWallPageObjects.ClickOnMyAccount()&amp;quot; because &amp;quot;this.LiveWallPage&amp;quot; is null">
      <![CDATA[java.lang.NullPointerException: Cannot invoke "online.onvent.qa.pageobjects.LiveWallPageObjects.ClickOnMyAccount()" because "this.LiveWallPage" is null
at online.onvent.qa.testcases.LiveWallTest.LogOutFromApplicatio(LiveWallTest.java:56)
at java.base/java.util.ArrayList.forEach(ArrayList.java:1511)
... Removed 27 stack frames]]>
    </failure>
  </testcase> <!-- LogOutFromApplicatio -->
</testsuite> <!-- Test -->
